2025-11-19 15:18:05,466 - INFO - å·²åŠ è½½ç”¨æˆ·é…ç½®: config/build_config.json
2025-11-19 15:18:05,467 - INFO - æ‰§è¡Œ: ç¯å¢ƒæ£€æŸ¥
2025-11-19 15:18:05,467 - INFO - ===== æ£€æŸ¥æ„å»ºç¯å¢ƒ =====
2025-11-19 15:18:05,468 - INFO - Pythonç‰ˆæœ¬: 3.8.10 (default, Mar 18 2025, 20:04:55) 
[GCC 9.4.0]
2025-11-19 15:18:05,469 - INFO - ç¯å¢ƒæ£€æŸ¥é€šè¿‡
2025-11-19 15:18:05,469 - INFO - æ­¥éª¤å®Œæˆ: ç¯å¢ƒæ£€æŸ¥
2025-11-19 15:18:05,469 - INFO - æ‰§è¡Œ: å®‰è£…Pythonä¾èµ–
2025-11-19 15:18:36,673 - INFO - å·²åŠ è½½ç”¨æˆ·é…ç½®: config/build_config.json
2025-11-19 15:18:36,673 - INFO - æ‰§è¡Œ: ç¯å¢ƒæ£€æŸ¥
2025-11-19 15:18:36,674 - INFO - ===== æ£€æŸ¥æ„å»ºç¯å¢ƒ =====
2025-11-19 15:18:36,674 - INFO - Pythonç‰ˆæœ¬: 3.8.10 (default, Mar 18 2025, 20:04:55) 
[GCC 9.4.0]
2025-11-19 15:18:36,675 - INFO - ç¯å¢ƒæ£€æŸ¥é€šè¿‡
2025-11-19 15:18:36,676 - INFO - æ­¥éª¤å®Œæˆ: ç¯å¢ƒæ£€æŸ¥
2025-11-19 15:18:36,676 - INFO - æ‰§è¡Œ: å®‰è£…Pythonä¾èµ–
2025-11-19 15:18:36,676 - INFO - ===== å®‰è£…Pythonä¾èµ– =====
2025-11-19 15:18:36,677 - INFO - å®‰è£…æ„å»ºä¾èµ–: buildozer==1.5.0
2025-11-19 15:18:39,372 - INFO - å®‰è£…æ„å»ºä¾èµ–: python-for-android==2023.10.08
2025-11-19 15:18:41,175 - ERROR - å®‰è£…Pythonä¾èµ–å¤±è´¥: Command '['/usr/bin/python3', '-m', 'pip', 'install', 'python-for-android==2023.10.08']' returned non-zero exit status 1.
2025-11-19 15:18:41,176 - ERROR - æ­¥éª¤å¤±è´¥: å®‰è£…Pythonä¾èµ–
2025-11-19 15:19:58,267 - INFO - å·²åŠ è½½ç”¨æˆ·é…ç½®: config/build_config.json
2025-11-19 15:19:58,268 - INFO - æ‰§è¡Œ: ç¯å¢ƒæ£€æŸ¥
2025-11-19 15:19:58,268 - INFO - ===== æ£€æŸ¥æ„å»ºç¯å¢ƒ =====
2025-11-19 15:19:58,269 - INFO - Pythonç‰ˆæœ¬: 3.8.10 (default, Mar 18 2025, 20:04:55) 
[GCC 9.4.0]
2025-11-19 15:19:58,270 - INFO - ç¯å¢ƒæ£€æŸ¥é€šè¿‡
2025-11-19 15:19:58,270 - INFO - æ­¥éª¤å®Œæˆ: ç¯å¢ƒæ£€æŸ¥
2025-11-19 15:19:58,271 - INFO - æ‰§è¡Œ: å®‰è£…Pythonä¾èµ–
2025-11-19 15:19:58,271 - INFO - ===== å®‰è£…Pythonä¾èµ– =====
2025-11-19 15:19:58,272 - INFO - å®‰è£…æ„å»ºä¾èµ–: buildozer==1.5.0
2025-11-19 15:20:01,551 - INFO - å®‰è£…æ„å»ºä¾èµ–: python-for-android==2024.1.21
2025-11-19 15:20:03,877 - INFO - å®‰è£…æ„å»ºä¾èµ–: importlib-metadata==4.8.3
2025-11-19 15:20:06,463 - INFO - å®‰è£…æ„å»ºä¾èµ–: Cython==0.29.33
2025-11-19 15:20:09,094 - INFO - ä»requirements.txtå®‰è£…åº”ç”¨ä¾èµ–
2025-11-19 15:20:12,330 - ERROR - å®‰è£…Pythonä¾èµ–å¤±è´¥: Command '['/usr/bin/python3', '-m', 'pip', 'install', '-r', 'requirements.txt']' returned non-zero exit status 1.
2025-11-19 15:20:12,331 - ERROR - æ­¥éª¤å¤±è´¥: å®‰è£…Pythonä¾èµ–
2025-11-19 15:20:55,042 - INFO - å·²åŠ è½½ç”¨æˆ·é…ç½®: config/build_config.json
2025-11-19 15:20:55,042 - INFO - æ‰§è¡Œ: ç¯å¢ƒæ£€æŸ¥
2025-11-19 15:20:55,043 - INFO - ===== æ£€æŸ¥æ„å»ºç¯å¢ƒ =====
2025-11-19 15:20:55,043 - INFO - Pythonç‰ˆæœ¬: 3.8.10 (default, Mar 18 2025, 20:04:55) 
[GCC 9.4.0]
2025-11-19 15:20:55,044 - INFO - ç¯å¢ƒæ£€æŸ¥é€šè¿‡
2025-11-19 15:20:55,044 - INFO - æ­¥éª¤å®Œæˆ: ç¯å¢ƒæ£€æŸ¥
2025-11-19 15:20:55,045 - INFO - æ‰§è¡Œ: å®‰è£…Pythonä¾èµ–
2025-11-19 15:20:55,046 - INFO - ===== å®‰è£…Pythonä¾èµ– =====
2025-11-19 15:20:55,046 - INFO - å®‰è£…æ„å»ºä¾èµ–: buildozer==1.5.0
2025-11-19 15:20:58,116 - INFO - å®‰è£…æ„å»ºä¾èµ–: python-for-android==2024.1.21
2025-11-19 15:21:01,193 - INFO - å®‰è£…æ„å»ºä¾èµ–: importlib-metadata==4.8.3
2025-11-19 15:21:03,942 - INFO - å®‰è£…æ„å»ºä¾èµ–: Cython==0.29.33
2025-11-19 15:21:07,016 - INFO - ä»requirements.txtå®‰è£…åº”ç”¨ä¾èµ–
2025-11-19 15:21:19,105 - ERROR - å®‰è£…Pythonä¾èµ–å¤±è´¥: Command '['/usr/bin/python3', '-m', 'pip', 'install', '-r', 'requirements.txt']' returned non-zero exit status 1.
2025-11-19 15:21:19,106 - ERROR - æ­¥éª¤å¤±è´¥: å®‰è£…Pythonä¾èµ–
2025-11-19 15:21:47,485 - INFO - å·²åŠ è½½ç”¨æˆ·é…ç½®: config/build_config.json
2025-11-19 15:21:47,486 - INFO - æ‰§è¡Œ: ç¯å¢ƒæ£€æŸ¥
2025-11-19 15:21:47,486 - INFO - ===== æ£€æŸ¥æ„å»ºç¯å¢ƒ =====
2025-11-19 15:21:47,487 - INFO - Pythonç‰ˆæœ¬: 3.8.10 (default, Mar 18 2025, 20:04:55) 
[GCC 9.4.0]
2025-11-19 15:21:47,488 - INFO - ç¯å¢ƒæ£€æŸ¥é€šè¿‡
2025-11-19 15:21:47,489 - INFO - æ­¥éª¤å®Œæˆ: ç¯å¢ƒæ£€æŸ¥
2025-11-19 15:21:47,489 - INFO - æ‰§è¡Œ: å®‰è£…Pythonä¾èµ–
2025-11-19 15:21:47,490 - INFO - ===== å®‰è£…Pythonä¾èµ– =====
2025-11-19 15:21:47,490 - INFO - å®‰è£…æ„å»ºä¾èµ–: buildozer==1.5.0
2025-11-19 15:21:50,320 - INFO - å®‰è£…æ„å»ºä¾èµ–: python-for-android==2024.1.21
2025-11-19 15:21:53,266 - INFO - å®‰è£…æ„å»ºä¾èµ–: importlib-metadata==4.8.3
2025-11-19 15:21:56,200 - INFO - å®‰è£…æ„å»ºä¾èµ–: Cython==0.29.33
2025-11-19 15:21:59,115 - INFO - ä»requirements.txtå®‰è£…åº”ç”¨ä¾èµ–
2025-11-19 15:22:15,848 - ERROR - å®‰è£…Pythonä¾èµ–å¤±è´¥: Command '['/usr/bin/python3', '-m', 'pip', 'install', '-r', 'requirements.txt']' returned non-zero exit status 1.
2025-11-19 15:22:15,849 - ERROR - æ­¥éª¤å¤±è´¥: å®‰è£…Pythonä¾èµ–
2025-11-19 15:22:47,109 - INFO - å·²åŠ è½½ç”¨æˆ·é…ç½®: config/build_config.json
2025-11-19 15:22:47,110 - INFO - æ‰§è¡Œ: ç¯å¢ƒæ£€æŸ¥
2025-11-19 15:22:47,110 - INFO - ===== æ£€æŸ¥æ„å»ºç¯å¢ƒ =====
2025-11-19 15:22:47,111 - INFO - Pythonç‰ˆæœ¬: 3.8.10 (default, Mar 18 2025, 20:04:55) 
[GCC 9.4.0]
2025-11-19 15:22:47,112 - INFO - ç¯å¢ƒæ£€æŸ¥é€šè¿‡
2025-11-19 15:22:47,112 - INFO - æ­¥éª¤å®Œæˆ: ç¯å¢ƒæ£€æŸ¥
2025-11-19 15:22:47,112 - INFO - æ‰§è¡Œ: å®‰è£…Pythonä¾èµ–
2025-11-19 15:22:47,113 - INFO - ===== å®‰è£…Pythonä¾èµ– =====
2025-11-19 15:22:47,113 - INFO - å®‰è£…æ„å»ºä¾èµ–: buildozer==1.5.0
2025-11-19 15:22:50,180 - INFO - å®‰è£…æ„å»ºä¾èµ–: python-for-android==2024.1.21
2025-11-19 15:22:52,528 - INFO - å®‰è£…æ„å»ºä¾èµ–: importlib-metadata==4.8.3
2025-11-19 15:22:55,334 - INFO - å®‰è£…æ„å»ºä¾èµ–: Cython==0.29.33
2025-11-19 15:22:58,041 - INFO - ä»requirements.txtå®‰è£…åº”ç”¨ä¾èµ–
2025-11-19 15:23:16,360 - ERROR - å®‰è£…Pythonä¾èµ–å¤±è´¥: Command '['/usr/bin/python3', '-m', 'pip', 'install', '-r', 'requirements.txt']' returned non-zero exit status 1.
2025-11-19 15:23:16,361 - ERROR - æ­¥éª¤å¤±è´¥: å®‰è£…Pythonä¾èµ–
2025-11-19 15:23:57,102 - INFO - å·²åŠ è½½ç”¨æˆ·é…ç½®: config/build_config.json
2025-11-19 15:23:57,102 - INFO - æ‰§è¡Œ: ç¯å¢ƒæ£€æŸ¥
2025-11-19 15:23:57,102 - INFO - ===== æ£€æŸ¥æ„å»ºç¯å¢ƒ =====
2025-11-19 15:23:57,102 - INFO - Pythonç‰ˆæœ¬: 3.8.10 (default, Mar 18 2025, 20:04:55) 
[GCC 9.4.0]
2025-11-19 15:23:57,103 - INFO - ç¯å¢ƒæ£€æŸ¥é€šè¿‡
2025-11-19 15:23:57,103 - INFO - æ­¥éª¤å®Œæˆ: ç¯å¢ƒæ£€æŸ¥
2025-11-19 15:23:57,103 - INFO - æ‰§è¡Œ: å®‰è£…Pythonä¾èµ–
2025-11-19 15:23:57,103 - INFO - ===== å®‰è£…Pythonä¾èµ– =====
2025-11-19 15:23:57,103 - INFO - å®‰è£…æ„å»ºä¾èµ–: buildozer==1.5.0
2025-11-19 15:23:58,305 - INFO - å®‰è£…æ„å»ºä¾èµ–: python-for-android==2024.1.21
2025-11-19 15:23:59,577 - INFO - å®‰è£…æ„å»ºä¾èµ–: importlib-metadata==4.8.3
2025-11-19 15:24:00,793 - INFO - å®‰è£…æ„å»ºä¾èµ–: Cython==0.29.33
2025-11-19 15:24:02,008 - INFO - ä»requirements.txtå®‰è£…åº”ç”¨ä¾èµ–
2025-11-19 15:25:06,683 - INFO - Pythonä¾èµ–å®‰è£…æˆåŠŸ
2025-11-19 15:25:06,684 - INFO - æ­¥éª¤å®Œæˆ: å®‰è£…Pythonä¾èµ–
2025-11-19 15:25:06,684 - INFO - æ‰§è¡Œ: è®¾ç½®ç¯å¢ƒå˜é‡
2025-11-19 15:25:06,684 - INFO - ===== è®¾ç½®ç¯å¢ƒå˜é‡ =====
2025-11-19 15:25:06,685 - INFO - JAVA_HOME: /usr/lib/jvm/java-11-openjdk-amd64
2025-11-19 15:25:06,685 - INFO - ANDROID_HOME: ./android-sdk
2025-11-19 15:25:06,686 - INFO - æ­¥éª¤å®Œæˆ: è®¾ç½®ç¯å¢ƒå˜é‡
2025-11-19 15:25:06,686 - INFO - æ‰§è¡Œ: æ„å»ºAPK
2025-11-19 15:25:06,686 - INFO - ===== å¼€å§‹æ„å»ºAPK =====
2025-11-19 15:25:06,687 - INFO - æ‰§è¡Œå‘½ä»¤: p4a apk --name SalaryCalculator --package org.test.salarycalculator --version 1.0 --orientation portrait --window fullscreen --private . --output-dir output --arch armeabi-v7a --sdk-dir ./android-sdk --ndk-api 28 --sdk-version 28 --log-level 2 --requirements kivy==2.3.0,certifi==2023.7.22,pyjnius==1.5.2,openpyxl==3.1.2,pandas==2.0.3,matplotlib==3.7.2,reportlab==3.6.12,requests==2.31.0,numpy==1.25.2
2025-11-19 15:25:09,719 - INFO - æ„å»ºå®Œæˆï¼Œè€—æ—¶: 3.03 ç§’
2025-11-19 15:25:09,720 - ERROR - APKæ„å»ºå¤±è´¥ï¼Œè¿”å›ç : 1
2025-11-19 15:25:09,720 - ERROR - æ­¥éª¤å¤±è´¥: æ„å»ºAPK
2025-11-19 15:28:30,088 - INFO - å·²åŠ è½½ç”¨æˆ·é…ç½®: config/build_config.json
2025-11-19 15:28:30,089 - INFO - æ‰§è¡Œ: ç¯å¢ƒæ£€æŸ¥
2025-11-19 15:28:30,089 - INFO - ===== æ£€æŸ¥æ„å»ºç¯å¢ƒ =====
2025-11-19 15:28:30,089 - INFO - Pythonç‰ˆæœ¬: 3.8.10 (default, Mar 18 2025, 20:04:55) 
[GCC 9.4.0]
2025-11-19 15:28:30,089 - INFO - ç¯å¢ƒæ£€æŸ¥é€šè¿‡
2025-11-19 15:28:30,090 - INFO - æ­¥éª¤å®Œæˆ: ç¯å¢ƒæ£€æŸ¥
2025-11-19 15:28:30,090 - INFO - æ‰§è¡Œ: å®‰è£…Pythonä¾èµ–
2025-11-19 15:28:30,090 - INFO - ===== å®‰è£…Pythonä¾èµ– =====
2025-11-19 15:28:30,090 - INFO - å®‰è£…æ„å»ºä¾èµ–: buildozer==1.5.0
2025-11-19 15:28:31,514 - INFO - å®‰è£…æ„å»ºä¾èµ–: python-for-android==2024.1.21
2025-11-19 15:28:32,895 - INFO - å®‰è£…æ„å»ºä¾èµ–: importlib-metadata==4.8.3
2025-11-19 15:28:34,157 - INFO - å®‰è£…æ„å»ºä¾èµ–: Cython==0.29.33
2025-11-19 15:28:35,677 - INFO - ä»requirements.txtå®‰è£…åº”ç”¨ä¾èµ–
2025-11-19 15:28:37,247 - INFO - Pythonä¾èµ–å®‰è£…æˆåŠŸ
2025-11-19 15:28:37,247 - INFO - æ­¥éª¤å®Œæˆ: å®‰è£…Pythonä¾èµ–
2025-11-19 15:28:37,248 - INFO - æ‰§è¡Œ: è®¾ç½®ç¯å¢ƒå˜é‡
2025-11-19 15:28:37,248 - INFO - ===== è®¾ç½®ç¯å¢ƒå˜é‡ =====
2025-11-19 15:28:37,248 - INFO - JAVA_HOME: /usr/lib/jvm/java-11-openjdk-amd64
2025-11-19 15:28:37,249 - INFO - ANDROID_HOME: ./android-sdk
2025-11-19 15:28:37,249 - INFO - æ­¥éª¤å®Œæˆ: è®¾ç½®ç¯å¢ƒå˜é‡
2025-11-19 15:28:37,249 - INFO - æ‰§è¡Œ: æ„å»ºAPK
2025-11-19 15:28:37,249 - INFO - ===== å¼€å§‹æ„å»ºAPK =====
2025-11-19 15:28:37,250 - INFO - æ‰§è¡Œå‘½ä»¤: p4a apk --name SalaryCalculator --package org.test.salarycalculator --version 1.0 --orientation portrait --window fullscreen --private . --output-dir output --arch armeabi-v7a --sdk-dir ./android-sdk --ndk-dir ./android-ndk --ndk-api 28 --sdk-version 28 --log-level 2 --requirements kivy==2.3.0,certifi==2023.7.22,pyjnius==1.6.1,openpyxl==3.1.2,pandas==2.0.3,matplotlib==3.7.2,reportlab==3.6.12,requests==2.31.0,numpy==1.24.4
2025-11-19 16:21:15,745 - INFO - æ„å»ºå®Œæˆï¼Œè€—æ—¶: 3158.49 ç§’
2025-11-19 16:21:15,747 - ERROR - APKæ„å»ºå¤±è´¥ï¼Œè¿”å›ç : 1
2025-11-19 16:21:15,748 - ERROR - æ­¥éª¤å¤±è´¥: æ„å»ºAPK
2025-11-22 18:07:44,531 - INFO - Ö´ĞĞ: »·¾³¼ì²é
2025-11-22 18:07:44,532 - INFO - ===== ¼ì²é¹¹½¨»·¾³ =====
2025-11-22 18:07:44,533 - INFO - Python°æ±¾: 3.13.6 (tags/v3.13.6:4e66535, Aug  6 2025, 14:36:00) [MSC v.1944 64 bit (AMD64)]
2025-11-22 18:07:44,535 - INFO - »·¾³¼ì²éÍ¨¹ı
2025-11-22 18:07:44,540 - INFO - ²½ÖèÍê³É: »·¾³¼ì²é
2025-11-22 18:07:44,541 - INFO - Ö´ĞĞ: °²×°PythonÒÀÀµ
2025-11-22 18:07:44,544 - INFO - ===== °²×°PythonÒÀÀµ =====
2025-11-22 18:07:44,544 - INFO - °²×°¹¹½¨ÒÀÀµ: buildozer==1.5.0
2025-11-22 18:07:49,533 - INFO - °²×°¹¹½¨ÒÀÀµ: python-for-android==2024.1.21
2025-11-22 18:07:52,428 - INFO - °²×°¹¹½¨ÒÀÀµ: importlib-metadata==4.8.3
2025-11-22 18:07:56,077 - INFO - °²×°¹¹½¨ÒÀÀµ: Cython==0.29.33
2025-11-22 18:08:07,479 - INFO - ´Órequirements.txt°²×°Ó¦ÓÃÒÀÀµ
2025-11-22 18:08:26,035 - ERROR - °²×°PythonÒÀÀµÊ§°Ü: Command '['D:\\dhm\\.venv\\Scripts\\python.exe', '-m', 'pip', 'install', '-r', 'requirements.txt']' returned non-zero exit status 1.
2025-11-22 18:08:26,035 - ERROR - ²½ÖèÊ§°Ü: °²×°PythonÒÀÀµ
